Searching for include files...
Searching for example files...
Searching for files in directory /home/travis/build/NTAP/quant/bin
Searching for images...
Searching for dot files...
Searching for files in directory /home/travis/build/NTAP/quant/doc
Searching for files in directory /home/travis/build/NTAP/quant/doc/cmake
Searching for files in directory /home/travis/build/NTAP/quant/doc/cmake/cmcompress
Searching for files in directory /home/travis/build/NTAP/quant/doc/cmake/cmcurl
Searching for files in directory /home/travis/build/NTAP/quant/doc/cmake/cmlibarchive
Searching for files in directory /home/travis/build/NTAP/quant/doc/cmake/cmliblzma
Searching for files in directory /home/travis/build/NTAP/quant/doc/cmake/cmlibrhash
Searching for files in directory /home/travis/build/NTAP/quant/doc/cmake/cmlibuv
Searching for files in directory /home/travis/build/NTAP/quant/doc/cmake/cmsys
Searching for files in directory /home/travis/build/NTAP/quant/doc/cmake/cmzlib
Searching for files in directory /home/travis/build/NTAP/quant/doc/cmake/html
Searching for files in directory /home/travis/build/NTAP/quant/doc/cmake/html/_sources
Searching for files in directory /home/travis/build/NTAP/quant/doc/cmake/html/_sources/command
Searching for files in directory /home/travis/build/NTAP/quant/doc/cmake/html/_sources/envvar
Searching for files in directory /home/travis/build/NTAP/quant/doc/cmake/html/_sources/generator
Searching for files in directory /home/travis/build/NTAP/quant/doc/cmake/html/_sources/manual
Searching for files in directory /home/travis/build/NTAP/quant/doc/cmake/html/_sources/module
Searching for files in directory /home/travis/build/NTAP/quant/doc/cmake/html/_sources/policy
Searching for files in directory /home/travis/build/NTAP/quant/doc/cmake/html/_sources/prop_cache
Searching for files in directory /home/travis/build/NTAP/quant/doc/cmake/html/_sources/prop_dir
Searching for files in directory /home/travis/build/NTAP/quant/doc/cmake/html/_sources/prop_gbl
Searching for files in directory /home/travis/build/NTAP/quant/doc/cmake/html/_sources/prop_inst
Searching for files in directory /home/travis/build/NTAP/quant/doc/cmake/html/_sources/prop_sf
Searching for files in directory /home/travis/build/NTAP/quant/doc/cmake/html/_sources/prop_test
Searching for files in directory /home/travis/build/NTAP/quant/doc/cmake/html/_sources/prop_tgt
Searching for files in directory /home/travis/build/NTAP/quant/doc/cmake/html/_sources/release
Searching for files in directory /home/travis/build/NTAP/quant/doc/cmake/html/_sources/variable
Searching for files in directory /home/travis/build/NTAP/quant/doc/cmake/html/_static
Searching for files in directory /home/travis/build/NTAP/quant/doc/cmake/html/command
Searching for files in directory /home/travis/build/NTAP/quant/doc/cmake/html/envvar
Searching for files in directory /home/travis/build/NTAP/quant/doc/cmake/html/generator
Searching for files in directory /home/travis/build/NTAP/quant/doc/cmake/html/manual
Searching for files in directory /home/travis/build/NTAP/quant/doc/cmake/html/module
Searching for files in directory /home/travis/build/NTAP/quant/doc/cmake/html/policy
Searching for files in directory /home/travis/build/NTAP/quant/doc/cmake/html/prop_cache
Searching for files in directory /home/travis/build/NTAP/quant/doc/cmake/html/prop_dir
Searching for files in directory /home/travis/build/NTAP/quant/doc/cmake/html/prop_gbl
Searching for files in directory /home/travis/build/NTAP/quant/doc/cmake/html/prop_inst
Searching for files in directory /home/travis/build/NTAP/quant/doc/cmake/html/prop_sf
Searching for files in directory /home/travis/build/NTAP/quant/doc/cmake/html/prop_test
Searching for files in directory /home/travis/build/NTAP/quant/doc/cmake/html/prop_tgt
Searching for files in directory /home/travis/build/NTAP/quant/doc/cmake/html/release
Searching for files in directory /home/travis/build/NTAP/quant/doc/cmake/html/variable
Searching for msc files...
Searching for dia files...
Searching for files to exclude
Searching for files to process...
Searching for files in directory /home/travis/build/NTAP/quant/lib
Searching for files in directory /home/travis/build/NTAP/quant/lib/include
Searching for files in directory /home/travis/build/NTAP/quant/lib/include/quant
Searching for files in directory /home/travis/build/NTAP/quant/lib/src
Searching for files in directory /home/travis/build/NTAP/quant/build/lib
Searching for files in directory /home/travis/build/NTAP/quant/build/lib/CMakeFiles
Searching for files in directory /home/travis/build/NTAP/quant/build/lib/CMakeFiles/common.dir
Searching for files in directory /home/travis/build/NTAP/quant/build/lib/CMakeFiles/common.dir/src
Searching for files in directory /home/travis/build/NTAP/quant/build/lib/CMakeFiles/libquant.dir
Searching for files in directory /home/travis/build/NTAP/quant/build/lib/CMakeFiles/libquant.dir/src
Searching for files in directory /home/travis/build/NTAP/quant/build/lib/include
Searching for files in directory /home/travis/build/NTAP/quant/build/lib/include/quant
Searching for files in directory /home/travis/build/NTAP/quant/build/lib/src
Reading and parsing tag files
Parsing files
Preprocessing /home/travis/build/NTAP/quant/lib/include/quant/quant.h...
Parsing file /home/travis/build/NTAP/quant/lib/include/quant/quant.h...
Preprocessing /home/travis/build/NTAP/quant/lib/src/bitset.h...
Parsing file /home/travis/build/NTAP/quant/lib/src/bitset.h...
Preprocessing /home/travis/build/NTAP/quant/lib/src/conn.c...
Parsing file /home/travis/build/NTAP/quant/lib/src/conn.c...
Preprocessing /home/travis/build/NTAP/quant/lib/src/conn.h...
Parsing file /home/travis/build/NTAP/quant/lib/src/conn.h...
Preprocessing /home/travis/build/NTAP/quant/lib/src/diet.c...
Parsing file /home/travis/build/NTAP/quant/lib/src/diet.c...
Preprocessing /home/travis/build/NTAP/quant/lib/src/diet.h...
Parsing file /home/travis/build/NTAP/quant/lib/src/diet.h...
Preprocessing /home/travis/build/NTAP/quant/lib/src/frame.c...
Parsing file /home/travis/build/NTAP/quant/lib/src/frame.c...
Preprocessing /home/travis/build/NTAP/quant/lib/src/frame.h...
Parsing file /home/travis/build/NTAP/quant/lib/src/frame.h...
Preprocessing /home/travis/build/NTAP/quant/lib/src/marshall.c...
Parsing file /home/travis/build/NTAP/quant/lib/src/marshall.c...
Preprocessing /home/travis/build/NTAP/quant/lib/src/marshall.h...
Parsing file /home/travis/build/NTAP/quant/lib/src/marshall.h...
Preprocessing /home/travis/build/NTAP/quant/lib/src/pkt.c...
Parsing file /home/travis/build/NTAP/quant/lib/src/pkt.c...
Preprocessing /home/travis/build/NTAP/quant/lib/src/pkt.h...
Parsing file /home/travis/build/NTAP/quant/lib/src/pkt.h...
Preprocessing /home/travis/build/NTAP/quant/lib/src/pn.c...
Parsing file /home/travis/build/NTAP/quant/lib/src/pn.c...
Preprocessing /home/travis/build/NTAP/quant/lib/src/pn.h...
Parsing file /home/travis/build/NTAP/quant/lib/src/pn.h...
Preprocessing /home/travis/build/NTAP/quant/lib/src/quic.c...
Parsing file /home/travis/build/NTAP/quant/lib/src/quic.c...
Preprocessing /home/travis/build/NTAP/quant/lib/src/quic.h...
Parsing file /home/travis/build/NTAP/quant/lib/src/quic.h...
Preprocessing /home/travis/build/NTAP/quant/lib/src/recovery.c...
Parsing file /home/travis/build/NTAP/quant/lib/src/recovery.c...
Preprocessing /home/travis/build/NTAP/quant/lib/src/recovery.h...
Parsing file /home/travis/build/NTAP/quant/lib/src/recovery.h...
Preprocessing /home/travis/build/NTAP/quant/lib/src/stream.c...
Parsing file /home/travis/build/NTAP/quant/lib/src/stream.c...
Preprocessing /home/travis/build/NTAP/quant/lib/src/stream.h...
Parsing file /home/travis/build/NTAP/quant/lib/src/stream.h...
Preprocessing /home/travis/build/NTAP/quant/lib/src/tls.c...
Parsing file /home/travis/build/NTAP/quant/lib/src/tls.c...
Preprocessing /home/travis/build/NTAP/quant/lib/src/tls.h...
Parsing file /home/travis/build/NTAP/quant/lib/src/tls.h...
Preprocessing /home/travis/build/NTAP/quant/lib/src/util.c...
Parsing file /home/travis/build/NTAP/quant/lib/src/util.c...
Preprocessing /home/travis/build/NTAP/quant/build/lib/include/quant/config.h...
Parsing file /home/travis/build/NTAP/quant/build/lib/include/quant/config.h...
Preprocessing /home/travis/build/NTAP/quant/build/lib/src/config.c...
Parsing file /home/travis/build/NTAP/quant/build/lib/src/config.c...
Reading /home/travis/build/NTAP/quant/README.md...
Building group list...
Building directory list...
Building namespace list...
Building file list...
Building class list...
Associating documentation with classes...
Computing nesting relations for classes...
Building example list...
Searching for enumerations...
Searching for documented typedefs...
Searching for members imported via using declarations...
Searching for included using directives...
Searching for documented variables...
Building interface member list...
Building member list...
Searching for friends...
Searching for documented defines...
Computing class inheritance relations...
Computing class usage relations...
Flushing cached template relations that have become invalid...
Creating members for template instances...
Computing class relations...
Add enum values to enums...
Searching for member function documentation...
Building page list...
Search for main page...
Computing page relations...
Determining the scope of groups...
Sorting lists...
Freeing entry tree
Determining which enums are documented
Computing member relations...
Building full member lists recursively...
Adding members to member groups.
Computing member references...
Inheriting documentation...
Generating disk names...
Adding source references...
Adding xrefitems...
Sorting member lists...
Computing dependencies between directories...
Generating citations page...
Counting data structures...
Resolving user defined references...
Finding anchors and sections in the documentation...
Transferring function references...
Combining using relations...
Adding members to index pages...
Generating style sheet...
Generating search indices...
Generating example documentation...
Generating docs for example client.c...
Generating docs for example server.c...
Generating file sources...
Generating code for file include/quant/config.h...
Parsing code for file src/config.c...
Generating code for file include/quant/quant.h...
Generating code for file src/bitset.h...
Parsing code for file src/conn.c...
Generating code for file src/conn.h...
Parsing code for file src/diet.c...
Generating code for file src/diet.h...
Parsing code for file src/frame.c...
Generating code for file src/frame.h...
Parsing code for file src/marshall.c...
Generating code for file src/marshall.h...
Parsing code for file src/pkt.c...
Generating code for file src/pkt.h...
Parsing code for file src/pn.c...
Generating code for file src/pn.h...
Parsing code for file src/quic.c...
Generating code for file src/quic.h...
Parsing code for file src/recovery.c...
Generating code for file src/recovery.h...
Parsing code for file src/stream.c...
Generating code for file src/stream.h...
Parsing code for file src/tls.c...
Generating code for file src/tls.h...
Parsing code for file src/util.c...
Parsing code for file /home/travis/build/NTAP/quant/README.md...
Generating file documentation...
Generating docs for file include/quant/config.h...
Generating docs for file src/config.c...
Generating docs for file include/quant/quant.h...
Generating call graph for function q_accept
Generating call graph for function q_alloc
Generating call graph for function q_bind
Generating call graph for function q_chunk_str
Generating call graph for function q_cleanup
Generating call graph for function q_close
Generating call graph for function q_close_stream
Generating call graph for function q_connect
Generating call graph for function q_init
Generating call graph for function q_read
Generating call graph for function q_readall_str
Generating call graph for function q_rsv_stream
Generating call graph for function q_rx_ready
Generating call graph for function q_write
Generating call graph for function q_write_file
Generating call graph for function q_write_str
Generating docs for file src/bitset.h...
Generating docs for file src/conn.c...
Generating call graph for function add_dcid
Generating call graph for function add_scid
Generating call graph for function conns_by_ipnp_cmp
Generating call graph for function do_conn_mgmt
Generating call graph for function do_tx
Generating call graph for function enter_closed
Generating call graph for function enter_closing
Generating call graph for function err_close
Generating call graph for function free_conn
Generating call graph for function idle_alarm
Generating call graph for function log_sent_pkts
Generating call graph for function new_conn
Generating call graph for function pick_from_server_vers
Generating call graph for function pkt_ok_for_epoch
Generating call graph for function rtx_pkt
Generating call graph for function rx
Generating call graph for function rx_crypto
Generating call graph for function rx_pkt
Generating call graph for function rx_pkts
Generating call graph for function switch_scid
Generating call graph for function tx
Generating call graph for function tx_ack
Generating call graph for function tx_stream_ctrl
Generating call graph for function tx_stream_data
Generating call graph for function tx_w
Generating call graph for function update_act_scid
Generating call graph for function use_next_dcid
Generating call graph for function vers_supported
Generating call graph for function vneg_or_rtry_resp
Generating docs for file src/conn.h...
Generating call graph for function add_dcid
Generating call graph for function add_scid
Generating call graph for function conn_needs_ctrl
Generating call graph for function conns_by_id_cmp
Generating call graph for function conns_by_ipnp_cmp
Generating call graph for function enter_closing
Generating call graph for function err_close
Generating call graph for function free_conn
Generating call graph for function new_conn
Generating call graph for function ooo_0rtt_by_cid_cmp
Generating call graph for function rx
Generating call graph for function tx
Generating call graph for function tx_ack
Generating call graph for function tx_w
Generating call graph for function update_act_scid
Generating call graph for function vers_supported
Generating docs for file src/diet.c...
Generating call graph for function diet_insert
Generating call graph for function diet_remove
Generating docs for file src/diet.h...
Generating call graph for function diet_insert
Generating call graph for function diet_remove
Generating docs for file src/frame.c...
Generating call graph for function dec_ack_frame
Generating call graph for function dec_blocked_frame
Generating call graph for function dec_close_frame
Generating call graph for function dec_frames
Generating call graph for function dec_max_stream_data_frame
Generating call graph for function dec_max_stream_id_frame
Generating call graph for function dec_new_cid_frame
Generating call graph for function dec_retire_cid_frame
Generating call graph for function dec_rst_stream_frame
Generating call graph for function dec_stop_sending_frame
Generating call graph for function dec_stream_blocked_frame
Generating call graph for function dec_stream_or_crypto_frame
Generating call graph for function enc_ack_frame
Generating call graph for function enc_new_cid_frame
Generating call graph for function enc_stream_id_blocked_frame
Generating call graph for function enc_stream_or_crypto_frame
Generating call graph for function log_stream_or_crypto_frame
Generating docs for file src/frame.h...
Generating call graph for function dec_ack_frame
Generating call graph for function dec_frames
Generating call graph for function enc_ack_frame
Generating call graph for function enc_new_cid_frame
Generating call graph for function enc_stream_id_blocked_frame
Generating call graph for function enc_stream_or_crypto_frame
Generating call graph for function log_stream_or_crypto_frame
Generating docs for file src/marshall.c...
Generating docs for file src/marshall.h...
Generating docs for file src/pkt.c...
Generating call graph for function coalesce
Generating call graph for function dec_pkt_hdr_beginning
Generating call graph for function dec_pkt_hdr_remainder
Generating call graph for function dec_pne
Generating call graph for function enc_lh_cids
Generating call graph for function enc_other_frames
Generating call graph for function enc_pkt
Generating call graph for function have_space_for
Generating call graph for function log_pkt
Generating call graph for function pkt_type_str
Generating call graph for function tx_vneg_resp
Generating call graph for function which_cipher_ctx_in
Generating docs for file src/pkt.h...
Generating call graph for function coalesce
Generating call graph for function dec_pkt_hdr_beginning
Generating call graph for function dec_pkt_hdr_remainder
Generating call graph for function enc_pkt
Generating call graph for function log_pkt
Generating call graph for function tx_vneg_resp
Generating docs for file src/pn.c...
Generating call graph for function ack_alarm
Generating call graph for function free_pn
Generating call graph for function init_pn
Generating call graph for function reset_pn
Generating docs for file src/pn.h...
Generating call graph for function ack_alarm
Generating call graph for function free_pn
Generating call graph for function init_pn
Generating call graph for function needs_ack
Generating call graph for function reset_pn
Generating docs for file src/quic.c...
Generating call graph for function cancel_api_call
Generating call graph for function pm_free
Generating call graph for function q_accept
Generating call graph for function q_alloc
Generating call graph for function q_bind
Generating call graph for function q_cleanup
Generating call graph for function q_close
Generating call graph for function q_close_stream
Generating call graph for function q_connect
Generating call graph for function q_init
Generating call graph for function q_read
Generating call graph for function q_readall_str
Generating call graph for function q_rsv_stream
Generating call graph for function q_rx_ready
Generating call graph for function q_write
Generating docs for file src/quic.h...
Generating call graph for function is_ack_or_padding_only
Generating call graph for function pm_free
Generating docs for file src/recovery.c...
Generating call graph for function detect_lost_pkts
Generating call graph for function hshk_pkts_outstanding
Generating call graph for function init_rec
Generating call graph for function on_ack_received_1
Generating call graph for function on_ack_received_2
Generating call graph for function on_ld_alarm
Generating call graph for function on_pkt_acked
Generating call graph for function on_pkt_acked_cc
Generating call graph for function on_pkt_sent
Generating call graph for function set_ld_alarm
Generating call graph for function track_acked_pkts
Generating call graph for function update_rtt
Generating docs for file src/recovery.h...
Generating call graph for function init_rec
Generating call graph for function on_ack_received_1
Generating call graph for function on_ack_received_2
Generating call graph for function on_pkt_acked
Generating call graph for function on_pkt_sent
Generating docs for file src/stream.c...
Generating call graph for function free_stream
Generating call graph for function new_stream
Generating call graph for function reset_stream
Generating docs for file src/stream.h...
Generating call graph for function free_stream
Generating call graph for function new_stream
Generating call graph for function reset_stream
Generating docs for file src/tls.c...
Generating call graph for function chk_tp
Generating call graph for function chk_tp_serv
Generating call graph for function enc_aead
Generating call graph for function encrypt_ticket_cb
Generating call graph for function flip_keys
Generating call graph for function free_prot
Generating call graph for function free_tls
Generating call graph for function free_tls_ctx
Generating call graph for function init_prot
Generating call graph for function init_ticket_prot
Generating call graph for function init_tls
Generating call graph for function init_tls_ctx
Generating call graph for function log_secret_cb
Generating call graph for function make_rtry_tok
Generating call graph for function maybe_flip_keys
Generating call graph for function save_ticket_cb
Generating call graph for function setup_initial_encryption
Generating call graph for function setup_initial_key
Generating call graph for function tls_io
Generating call graph for function update_traffic_key_cb
Generating call graph for function verify_rtry_tok
Generating call graph for function which_cipher_ctx_out
Generating docs for file src/tls.h...
Generating call graph for function enc_aead
Generating call graph for function flip_keys
Generating call graph for function free_tls
Generating call graph for function free_tls_ctx
Generating call graph for function init_prot
Generating call graph for function init_tls
Generating call graph for function init_tls_ctx
Generating call graph for function make_rtry_tok
Generating call graph for function maybe_flip_keys
Generating call graph for function tls_io
Generating call graph for function verify_rtry_tok
Generating docs for file src/util.c...
Generating call graph for function q_chunk_str
Generating call graph for function q_write_file
Generating call graph for function q_write_str
Generating docs for file /home/travis/build/NTAP/quant/README.md...
Generating page documentation...
Generating group documentation...
Generating class documentation...
Generating docs for compound cid...
Generating docs for compound cid_map...
Generating docs for compound cipher_ctx...
Generating docs for compound ival...
Generating docs for compound ooo_0rtt...
Generating docs for compound pkt_hdr...
Generating docs for compound pkt_meta...
Generating docs for compound pn_data_space...
Generating docs for compound pn_hshk_space...
Generating docs for compound pn_space...
Generating docs for compound q_conn...
Generating docs for compound q_stream...
Generating docs for compound recovery...
Generating docs for compound tickets_by_peer...
Generating docs for compound tls...
Generating docs for compound tls_ticket...
Generating docs for compound transport_params...
Generating namespace index...
Generating graph info page...
Generating directory documentation...
Generating dependency graph for directory include
Generating dependency graph for directory include
Generating dependency graph for directory include/quant
Generating dependency graph for directory include/quant
Generating dependency graph for directory src
Generating dependency graph for directory src
Generating index page...
Generating page index...
Generating module index...
Generating namespace index...
Generating namespace member index...
Generating annotated compound index...
Generating alphabetical compound index...
Generating hierarchical class index...
Generating graphical class hierarchy...
Generating member index...
Generating file index...
Generating file member index...
Generating example index...
finalizing index lists...
Running dot...
Generating dot graphs using 33 parallel threads...
Running dot for graph 1/247
Running dot for graph 2/247
Running dot for graph 3/247
Running dot for graph 4/247
Running dot for graph 5/247
Running dot for graph 6/247
Running dot for graph 7/247
Running dot for graph 8/247
Running dot for graph 9/247
Running dot for graph 10/247
Running dot for graph 11/247
Running dot for graph 12/247
Running dot for graph 13/247
Running dot for graph 14/247
Running dot for graph 15/247
Running dot for graph 16/247
Running dot for graph 17/247
Running dot for graph 18/247
Running dot for graph 19/247
Running dot for graph 20/247
Running dot for graph 21/247
Running dot for graph 22/247
Running dot for graph 23/247
Running dot for graph 24/247
Running dot for graph 25/247
Running dot for graph 26/247
Running dot for graph 27/247
Running dot for graph 28/247
Running dot for graph 29/247
Running dot for graph 30/247
Running dot for graph 31/247
Running dot for graph 32/247
Running dot for graph 33/247
Running dot for graph 34/247
Running dot for graph 35/247
Running dot for graph 36/247
Running dot for graph 37/247
Running dot for graph 38/247
Running dot for graph 39/247
Running dot for graph 40/247
Running dot for graph 41/247
Running dot for graph 42/247
Running dot for graph 43/247
Running dot for graph 44/247
Running dot for graph 45/247
Running dot for graph 46/247
Running dot for graph 47/247
Running dot for graph 48/247
Running dot for graph 49/247
Running dot for graph 50/247
Running dot for graph 51/247
Running dot for graph 52/247
Running dot for graph 53/247
Running dot for graph 54/247
Running dot for graph 55/247
Running dot for graph 56/247
Running dot for graph 57/247
Running dot for graph 58/247
Running dot for graph 59/247
Running dot for graph 60/247
Running dot for graph 61/247
Running dot for graph 62/247
Running dot for graph 63/247
Running dot for graph 64/247
Running dot for graph 65/247
Running dot for graph 66/247
Running dot for graph 67/247
Running dot for graph 68/247
Running dot for graph 69/247
Running dot for graph 70/247
Running dot for graph 71/247
Running dot for graph 72/247
Running dot for graph 73/247
Running dot for graph 74/247
Running dot for graph 75/247
Running dot for graph 76/247
Running dot for graph 77/247
Running dot for graph 78/247
Running dot for graph 79/247
Running dot for graph 80/247
Running dot for graph 81/247
Running dot for graph 82/247
Running dot for graph 83/247
Running dot for graph 84/247
Running dot for graph 85/247
Running dot for graph 86/247
Running dot for graph 87/247
Running dot for graph 88/247
Running dot for graph 89/247
Running dot for graph 90/247
Running dot for graph 91/247
Running dot for graph 92/247
Running dot for graph 93/247
Running dot for graph 94/247
Running dot for graph 95/247
Running dot for graph 96/247
Running dot for graph 97/247
Running dot for graph 98/247
Running dot for graph 99/247
Running dot for graph 100/247
Running dot for graph 101/247
Running dot for graph 102/247
Running dot for graph 103/247
Running dot for graph 104/247
Running dot for graph 105/247
Running dot for graph 106/247
Running dot for graph 107/247
Running dot for graph 108/247
Running dot for graph 109/247
Running dot for graph 110/247
Running dot for graph 111/247
Running dot for graph 112/247
Running dot for graph 113/247
Running dot for graph 114/247
Running dot for graph 115/247
Running dot for graph 116/247
Running dot for graph 117/247
Running dot for graph 118/247
Running dot for graph 119/247
Running dot for graph 120/247
Running dot for graph 121/247
Running dot for graph 122/247
Running dot for graph 123/247
Running dot for graph 124/247
Running dot for graph 125/247
Running dot for graph 126/247
Running dot for graph 127/247
Running dot for graph 128/247
Running dot for graph 129/247
Running dot for graph 130/247
Running dot for graph 131/247
Running dot for graph 132/247
Running dot for graph 133/247
Running dot for graph 134/247
Running dot for graph 135/247
Running dot for graph 136/247
Running dot for graph 137/247
Running dot for graph 138/247
Running dot for graph 139/247
Running dot for graph 140/247
Running dot for graph 141/247
Running dot for graph 142/247
Running dot for graph 143/247
Running dot for graph 144/247
Running dot for graph 145/247
Running dot for graph 146/247
Running dot for graph 147/247
Running dot for graph 148/247
Running dot for graph 149/247
Running dot for graph 150/247
Running dot for graph 151/247
Running dot for graph 152/247
Running dot for graph 153/247
Running dot for graph 154/247
Running dot for graph 155/247
Running dot for graph 156/247
Running dot for graph 157/247
Running dot for graph 158/247
Running dot for graph 159/247
Running dot for graph 160/247
Running dot for graph 161/247
Running dot for graph 162/247
Running dot for graph 163/247
Running dot for graph 164/247
Running dot for graph 165/247
Running dot for graph 166/247
Running dot for graph 167/247
Running dot for graph 168/247
Running dot for graph 169/247
Running dot for graph 170/247
Running dot for graph 171/247
Running dot for graph 172/247
Running dot for graph 173/247
Running dot for graph 174/247
Running dot for graph 175/247
Running dot for graph 176/247
Running dot for graph 177/247
Running dot for graph 178/247
Running dot for graph 179/247
Running dot for graph 180/247
Running dot for graph 181/247
Running dot for graph 182/247
Running dot for graph 183/247
Running dot for graph 184/247
Running dot for graph 185/247
Running dot for graph 186/247
Running dot for graph 187/247
Running dot for graph 188/247
Running dot for graph 189/247
Running dot for graph 190/247
Running dot for graph 191/247
Running dot for graph 192/247
Running dot for graph 193/247
Running dot for graph 194/247
Running dot for graph 195/247
Running dot for graph 196/247
Running dot for graph 197/247
Running dot for graph 198/247
Running dot for graph 199/247
Running dot for graph 200/247
Running dot for graph 201/247
Running dot for graph 202/247
Running dot for graph 203/247
Running dot for graph 204/247
Running dot for graph 205/247
Running dot for graph 206/247
Running dot for graph 207/247
Running dot for graph 208/247
Running dot for graph 209/247
Running dot for graph 210/247
Running dot for graph 211/247
Running dot for graph 212/247
Running dot for graph 213/247
Running dot for graph 214/247
Running dot for graph 215/247
Running dot for graph 216/247
Running dot for graph 217/247
Running dot for graph 218/247
Running dot for graph 219/247
Running dot for graph 220/247
Running dot for graph 221/247
Running dot for graph 222/247
Running dot for graph 223/247
Running dot for graph 224/247
Running dot for graph 225/247
Running dot for graph 226/247
Running dot for graph 227/247
Running dot for graph 228/247
Running dot for graph 229/247
Running dot for graph 230/247
Running dot for graph 231/247
Running dot for graph 232/247
Running dot for graph 233/247
Running dot for graph 234/247
Running dot for graph 235/247
Running dot for graph 236/247
Running dot for graph 237/247
Running dot for graph 238/247
Running dot for graph 239/247
Running dot for graph 240/247
Running dot for graph 241/247
Running dot for graph 242/247
Running dot for graph 243/247
Running dot for graph 244/247
Running dot for graph 245/247
Running dot for graph 246/247
Running dot for graph 247/247
Patching output file 1/42
Patching output file 2/42
Patching output file 3/42
Patching output file 4/42
Patching output file 5/42
Patching output file 6/42
Patching output file 7/42
Patching output file 8/42
Patching output file 9/42
Patching output file 10/42
Patching output file 11/42
Patching output file 12/42
Patching output file 13/42
Patching output file 14/42
Patching output file 15/42
Patching output file 16/42
Patching output file 17/42
Patching output file 18/42
Patching output file 19/42
Patching output file 20/42
Patching output file 21/42
Patching output file 22/42
Patching output file 23/42
Patching output file 24/42
Patching output file 25/42
Patching output file 26/42
Patching output file 27/42
Patching output file 28/42
Patching output file 29/42
Patching output file 30/42
Patching output file 31/42
Patching output file 32/42
Patching output file 33/42
Patching output file 34/42
Patching output file 35/42
Patching output file 36/42
Patching output file 37/42
Patching output file 38/42
Patching output file 39/42
Patching output file 40/42
Patching output file 41/42
Patching output file 42/42
lookup cache used 987/65536 hits=8166 misses=1007
finished...
